C:\USERS\ALEX\DOCUMENTS\VISUAL STUDIO 2012\PROJECTS\CS 2024- SIMPLEARRAY\CS 2024- SIMPLEARRAY\DEBUG\VC110.PDB
C:\USERS\ALEX\DOCUMENTS\VISUAL STUDIO 2012\PROJECTS\CS 2024- SIMPLEARRAY\CS 2024- SIMPLEARRAY\DEBUG\SIMPLEARRAY.OBJ
C:\USERS\ALEX\DOCUMENTS\VISUAL STUDIO 2012\PROJECTS\CS 2024- SIMPLEARRAY\CS 2024- SIMPLEARRAY\DEBUG\MAIN.OBJ
C:\USERS\ALEX\DOCUMENTS\VISUAL STUDIO 2012\PROJECTS\CS 2024- SIMPLEARRAY\DEBUG\CS 2024- SIMPLEARRAY.ILK
C:\USERS\ALEX\DOCUMENTS\VISUAL STUDIO 2012\PROJECTS\CS 2024- SIMPLEARRAY\DEBUG\CS 2024- SIMPLEARRAY.EXE
C:\USERS\ALEX\DOCUMENTS\VISUAL STUDIO 2012\PROJECTS\CS 2024- SIMPLEARRAY\DEBUG\CS 2024- SIMPLEARRAY.PDB
C:\Users\Alex\Documents\Visual Studio 2012\Projects\CS 2024- SimpleArray\CS 2024- SimpleArray\Debug\main.obj
C:\Users\Alex\Documents\Visual Studio 2012\Projects\CS 2024- SimpleArray\CS 2024- SimpleArray\Debug\SimpleArray.obj
C:\Users\Alex\Documents\Visual Studio 2012\Projects\CS 2024- SimpleArray\CS 2024- SimpleArray\Debug\cl.command.1.tlog
C:\Users\Alex\Documents\Visual Studio 2012\Projects\CS 2024- SimpleArray\CS 2024- SimpleArray\Debug\CL.read.1.tlog
C:\Users\Alex\Documents\Visual Studio 2012\Projects\CS 2024- SimpleArray\CS 2024- SimpleArray\Debug\CL.write.1.tlog
C:\Users\Alex\Documents\Visual Studio 2012\Projects\CS 2024- SimpleArray\CS 2024- SimpleArray\Debug\link-cvtres.read.1.tlog
C:\Users\Alex\Documents\Visual Studio 2012\Projects\CS 2024- SimpleArray\CS 2024- SimpleArray\Debug\link-cvtres.write.1.tlog
C:\Users\Alex\Documents\Visual Studio 2012\Projects\CS 2024- SimpleArray\CS 2024- SimpleArray\Debug\link-rc.read.1.tlog
C:\Users\Alex\Documents\Visual Studio 2012\Projects\CS 2024- SimpleArray\CS 2024- SimpleArray\Debug\link-rc.write.1.tlog
C:\Users\Alex\Documents\Visual Studio 2012\Projects\CS 2024- SimpleArray\CS 2024- SimpleArray\Debug\link.command.1.tlog
C:\Users\Alex\Documents\Visual Studio 2012\Projects\CS 2024- SimpleArray\CS 2024- SimpleArray\Debug\link.read.1.tlog
C:\Users\Alex\Documents\Visual Studio 2012\Projects\CS 2024- SimpleArray\CS 2024- SimpleArray\Debug\link.write.1.tlog
C:\Users\Alex\Documents\Visual Studio 2012\Projects\CS 2024- SimpleArray\CS 2024- SimpleArray\Debug\vc110.idb
C:\Users\Alex\Documents\Visual Studio 2012\Projects\CS 2024- SimpleArray\CS 2024- SimpleArray\Debug\vc110.pdb
C:\Users\Alex\Documents\Visual Studio 2012\Projects\CS 2024- SimpleArray\Debug\CS 2024- SimpleArray.pdb
C:\Users\Alex\Documents\Visual Studio 2012\Projects\CS 2024- SimpleArray\Debug\CS 2024- SimpleArray.exe
C:\Users\Alex\Documents\Visual Studio 2012\Projects\CS 2024- SimpleArray\Debug\CS 2024- SimpleArray.ilk
